[2016-11-24 10:25:24][org.cc.util.CCJsonParserTest.load_json(CCJsonParserTest.java:19)]{
    "scope": "dev",
    "sms": {
        "@url": "http://smexpress.mitake.com.tw:9600/SmSendGet.asp",
        "password": "1qaz2wsx",
        "@enc": "Big5",
        "DestName": "${OU_NAME}_${OU_CODE}",
        "smbody": "${content}",
        "dstaddr": "${OU_PHONE}",
        "encoding": "Big5",
        "@fields": [
            "username",
            "password",
            "dstaddr",
            "encoding",
            "DestName",
            "smbody"
        ],
        "username": "16541333B"
    },
    "filter.encoding": {
        "isShowParams": true,
        "exclude": [
            "/public",
            "/services"
        ],
        "enc": "UTF-8",
        "sslPort": 7443,
        "isSSL": false
    },
    "filter.pull": {
        "path.cache": "__cache__",
        "suffix": null,
        "dest.host": "http://10.10.5.125:9780",
        "dest.context": "BAPHIQ"
    },
    "sys": {"fmt1": "yyyy/MM/dd HH:mm"},
    "msg.ol": {
        "phone": "0912123456",
        "subject": "開始上課"
    }
}
[2016-11-24 10:25:24][org.cc.util.CCJsonParserTest.load_json(CCJsonParserTest.java:21)][
    1,
    2,
    3,
    4,
    5,
    true,
    "this is a book",
    "中文"
]
[2016-11-24 10:25:24][org.cc.util.CCJSON.load(CCJSON.java:272)]D:\will\work\nb\mwork\src\main\webapp\WEB-INF\prj\baphiq\cfg.json
[2016-11-24 10:25:24][org.cc.util.CCJSONTest.load_json(CCJSONTest.java:23)]{
    "@url": "http://smexpress.mitake.com.tw:9600/SmSendGet.asp",
    "password": "1qaz2wsx",
    "@enc": "Big5",
    "DestName": "${OU_NAME}_${OU_CODE}",
    "smbody": "${content}",
    "dstaddr": "${OU_PHONE}",
    "encoding": "Big5",
    "@fields": [
        "username",
        "password",
        "dstaddr",
        "encoding",
        "DestName",
        "smbody"
    ],
    "username": "16541333B"
}
[2016-11-24 10:25:24][org.cc.util.CCJSONTest.load_json(CCJSONTest.java:25)][
    1,
    2,
    3,
    4,
    5,
    true,
    "this is a book",
    "中文"
]
